{"ts": "2026-02-13T14:54:19.377420+00:00", "level": "INFO", "logger": "qrgenerator", "msg": "Iniciando carregamento de arquivo", "event": "load_start", "operation": "load", "path": "C:/Users/PC/Desktop/Contagem bomba GP.xlsx"}
{"ts": "2026-02-13T14:54:25.114894+00:00", "level": "INFO", "logger": "qrgenerator", "msg": "Carregamento concluído", "event": "load_done", "operation": "load", "path": "C:/Users/PC/Desktop/Contagem bomba GP.xlsx"}
{"ts": "2026-02-13T16:15:51.328438+00:00", "level": "INFO", "logger": "qrgenerator", "msg": "Iniciando carregamento de arquivo", "event": "load_start", "operation": "load", "path": "C:/Users/PC/Desktop/Contagem bomba GP.xlsx"}
{"ts": "2026-02-13T16:15:57.111715+00:00", "level": "INFO", "logger": "qrgenerator", "msg": "Carregamento concluído", "event": "load_done", "operation": "load", "path": "C:/Users/PC/Desktop/Contagem bomba GP.xlsx"}
{"ts": "2026-02-13T17:21:12.237195+00:00", "level": "INFO", "logger": "qrgenerator", "msg": "Iniciando carregamento de arquivo", "event": "load_start", "operation": "load", "path": "C:\\Users\\PC\\AppData\\Local\\Temp\\tmpvuz2q98_.csv"}
{"ts": "2026-02-13T17:21:12.361427+00:00", "level": "ERROR", "logger": "qrgenerator", "msg": "Falha no carregamento", "event": "load_error", "operation": "load", "path": "C:\\Users\\PC\\AppData\\Local\\Temp\\tmpvuz2q98_.csv", "erro": "Falha ao carregar CSV: [Errno 2] No such file or directory: 'C:\\\\Users\\\\PC\\\\AppData\\\\Local\\\\Temp\\\\tmpvuz2q98_.csv'", "exc": "Traceback (most recent call last):\n  File \"C:\\Users\\PC\\Documents\\GitHub\\qrgenerator\\services\\codigo_service.py\", line 21, in carregar_tabela\n    return pd.read_csv(caminho)\n           ~~~~~~~~~~~^^^^^^^^^\n  File \"C:\\Users\\PC\\AppData\\Local\\Programs\\Python\\Python314\\Lib\\site-packages\\pandas\\io\\parsers\\readers.py\", line 873, in read_csv\n    return _read(filepath_or_buffer, kwds)\n  File \"C:\\Users\\PC\\AppData\\Local\\Programs\\Python\\Python314\\Lib\\site-packages\\pandas\\io\\parsers\\readers.py\", line 300, in _read\n    parser = TextFileReader(filepath_or_buffer, **kwds)\n  File \"C:\\Users\\PC\\AppData\\Local\\Programs\\Python\\Python314\\Lib\\site-packages\\pandas\\io\\parsers\\readers.py\", line 1645, in __init__\n    self._engine = self._make_engine(f, self.engine)\n                   ~~~~~~~~~~~~~~~~~^^^^^^^^^^^^^^^^\n  File \"C:\\Users\\PC\\AppData\\Local\\Programs\\Python\\Python314\\Lib\\site-packages\\pandas\\io\\parsers\\readers.py\", line 1904, in _make_engine\n    self.handles = get_handle(\n                   ~~~~~~~~~~^\n        f,\n        ^^\n    ...<6 lines>...\n        storage_options=self.options.get(\"storage_options\", None),\n        ^^^^^^^^^^^^^^^^^^^^^^^^^^^^^^^^^^^^^^^^^^^^^^^^^^^^^^^^^^\n    )\n    ^\n  File \"C:\\Users\\PC\\AppData\\Local\\Programs\\Python\\Python314\\Lib\\site-packages\\pandas\\io\\common.py\", line 926, in get_handle\n    handle = open(\n        handle,\n    ...<3 lines>...\n        newline=\"\",\n    )\nFileNotFoundError: [Errno 2] No such file or directory: 'C:\\\\Users\\\\PC\\\\AppData\\\\Local\\\\Temp\\\\tmpvuz2q98_.csv'\n\nThe above exception was the direct cause of the following exception:\n\nTraceback (most recent call last):\n  File \"C:\\Users\\PC\\Documents\\GitHub\\qrgenerator\\qr_generator.py\", line 195, in _executar_carregamento\n    tabela = self._carregar_tabela(caminho)\n  File \"C:\\Users\\PC\\Documents\\GitHub\\qrgenerator\\qr_generator.py\", line 207, in _carregar_tabela\n    return self.service.carregar_tabela(caminho)\n           ~~~~~~~~~~~~~~~~~~~~~~~~~~~~^^^^^^^^^\n  File \"C:\\Users\\PC\\Documents\\GitHub\\qrgenerator\\services\\codigo_service.py\", line 26, in carregar_tabela\n    raise RuntimeError(CodigoService.formatar_excecao(exc, 'Falha ao carregar CSV')) from exc\nRuntimeError: Falha ao carregar CSV: [Errno 2] No such file or directory: 'C:\\\\Users\\\\PC\\\\AppData\\\\Local\\\\Temp\\\\tmpvuz2q98_.csv'"}
{"ts": "2026-02-13T17:21:12.650269+00:00", "level": "INFO", "logger": "qrgenerator", "msg": "Geração de imagens concluída", "event": "generate_done", "operation": "images", "path": "C:\\Users\\PC\\AppData\\Local\\Temp\\tmpdmt7txaz", "total": 3}
{"ts": "2026-02-13T17:21:12.710772+00:00", "level": "INFO", "logger": "qrgenerator", "msg": "Geração de imagens concluída", "event": "generate_done", "operation": "images", "path": "C:\\Users\\PC\\AppData\\Local\\Temp\\tmp8bjqm66p", "total": 1}
{"ts": "2026-02-13T17:21:12.755321+00:00", "level": "INFO", "logger": "qrgenerator", "msg": "PDF gerado com sucesso", "event": "generate_done", "operation": "pdf", "path": "/tmp/nao_existe.pdf", "total": 1}
{"ts": "2026-02-13T17:21:12.811375+00:00", "level": "INFO", "logger": "qrgenerator", "msg": "PDF gerado com sucesso", "event": "generate_done", "operation": "pdf", "path": "C:\\Users\\PC\\AppData\\Local\\Temp\\tmp7j_5g_xb\\saida.pdf", "total": 1}
{"ts": "2026-02-13T17:21:12.888259+00:00", "level": "INFO", "logger": "qrgenerator", "msg": "ZIP gerado com sucesso", "event": "generate_done", "operation": "zip", "path": "C:\\Users\\PC\\AppData\\Local\\Temp\\tmp09w5hdoe\\qrcodes.zip"}
{"ts": "2026-02-13T17:21:12.960309+00:00", "level": "INFO", "logger": "qrgenerator", "msg": "Geração de imagens concluída", "event": "generate_done", "operation": "images", "path": "C:\\Users\\PC\\AppData\\Local\\Temp\\tmpqpuk37w8", "total": 3}
{"ts": "2026-02-13T17:21:13.085275+00:00", "level": "INFO", "logger": "qrgenerator", "msg": "Iniciando carregamento de arquivo", "event": "load_start", "operation": "load", "path": "C:\\Users\\PC\\AppData\\Local\\Temp\\tmp06nkrhqx.csv"}
{"ts": "2026-02-13T17:21:13.095127+00:00", "level": "INFO", "logger": "qrgenerator", "msg": "Carregamento concluído", "event": "load_done", "operation": "load", "path": "C:\\Users\\PC\\AppData\\Local\\Temp\\tmp06nkrhqx.csv"}
{"ts": "2026-02-13T17:21:13.194059+00:00", "level": "INFO", "logger": "qrgenerator", "msg": "Iniciando carregamento de arquivo", "event": "load_start", "operation": "load", "path": "/caminho/que/nao/existe.xlsx"}
{"ts": "2026-02-13T17:21:13.235793+00:00", "level": "ERROR", "logger": "qrgenerator", "msg": "Falha no carregamento", "event": "load_error", "operation": "load", "path": "/caminho/que/nao/existe.xlsx", "erro": "Falha ao carregar Excel: [Errno 2] No such file or directory: '/caminho/que/nao/existe.xlsx'", "exc": "Traceback (most recent call last):\n  File \"C:\\Users\\PC\\Documents\\GitHub\\qrgenerator\\services\\codigo_service.py\", line 30, in carregar_tabela\n    return pd.read_excel(caminho)\n           ~~~~~~~~~~~~~^^^^^^^^^\n  File \"C:\\Users\\PC\\AppData\\Local\\Programs\\Python\\Python314\\Lib\\site-packages\\pandas\\io\\excel\\_base.py\", line 481, in read_excel\n    io = ExcelFile(\n        io,\n    ...<2 lines>...\n        engine_kwargs=engine_kwargs,\n    )\n  File \"C:\\Users\\PC\\AppData\\Local\\Programs\\Python\\Python314\\Lib\\site-packages\\pandas\\io\\excel\\_base.py\", line 1604, in __init__\n    ext = inspect_excel_format(\n        content_or_path=path_or_buffer, storage_options=storage_options\n    )\n  File \"C:\\Users\\PC\\AppData\\Local\\Programs\\Python\\Python314\\Lib\\site-packages\\pandas\\io\\excel\\_base.py\", line 1452, in inspect_excel_format\n    with get_handle(\n         ~~~~~~~~~~^\n        content_or_path, \"rb\", storage_options=storage_options, is_text=False\n        ^^^^^^^^^^^^^^^^^^^^^^^^^^^^^^^^^^^^^^^^^^^^^^^^^^^^^^^^^^^^^^^^^^^^^\n    ) as handle:\n    ^\n  File \"C:\\Users\\PC\\AppData\\Local\\Programs\\Python\\Python314\\Lib\\site-packages\\pandas\\io\\common.py\", line 935, in get_handle\n    handle = open(handle, ioargs.mode)\nFileNotFoundError: [Errno 2] No such file or directory: '/caminho/que/nao/existe.xlsx'\n\nThe above exception was the direct cause of the following exception:\n\nTraceback (most recent call last):\n  File \"C:\\Users\\PC\\Documents\\GitHub\\qrgenerator\\qr_generator.py\", line 195, in _executar_carregamento\n    tabela = self._carregar_tabela(caminho)\n  File \"C:\\Users\\PC\\Documents\\GitHub\\qrgenerator\\qr_generator.py\", line 207, in _carregar_tabela\n    return self.service.carregar_tabela(caminho)\n           ~~~~~~~~~~~~~~~~~~~~~~~~~~~~^^^^^^^^^\n  File \"C:\\Users\\PC\\Documents\\GitHub\\qrgenerator\\services\\codigo_service.py\", line 36, in carregar_tabela\n    raise RuntimeError(CodigoService.formatar_excecao(exc, 'Falha ao carregar Excel')) from exc\nRuntimeError: Falha ao carregar Excel: [Errno 2] No such file or directory: '/caminho/que/nao/existe.xlsx'"}
{"ts": "2026-02-13T18:49:32.708888+00:00", "level": "INFO", "logger": "qrgenerator", "msg": "Iniciando carregamento de arquivo", "event": "load_start", "operation": "load", "path": "C:/Users/PC/Desktop/Contagem bomba GP.xlsx"}
{"ts": "2026-02-13T18:49:38.584053+00:00", "level": "INFO", "logger": "qrgenerator", "msg": "Carregamento concluído", "event": "load_done", "operation": "load", "path": "C:/Users/PC/Desktop/Contagem bomba GP.xlsx"}
{"ts": "2026-02-13T18:50:29.596129+00:00", "level": "INFO", "logger": "qrgenerator", "msg": "Iniciando geração", "event": "generate_start", "operation": "pdf", "path": "C:/Users/PC/Desktop/teste1.pdf", "total": 320}
{"ts": "2026-02-13T18:50:33.575457+00:00", "level": "INFO", "logger": "qrgenerator", "msg": "PDF gerado com sucesso", "event": "generate_done", "operation": "pdf", "path": "C:/Users/PC/Desktop/teste1.pdf", "total": 320}
{"ts": "2026-02-13T20:17:54.612449+00:00", "level": "INFO", "logger": "qrgenerator", "msg": "Iniciando carregamento de arquivo", "event": "load_start", "operation": "load", "path": "C:/Users/PC/Desktop/lista motor 27-01.xlsx"}
{"ts": "2026-02-13T20:17:56.458666+00:00", "level": "INFO", "logger": "qrgenerator", "msg": "Carregamento concluído", "event": "load_done", "operation": "load", "path": "C:/Users/PC/Desktop/lista motor 27-01.xlsx"}
{"ts": "2026-02-15T23:22:54.578081+00:00", "level": "INFO", "logger": "qrgenerator", "msg": "Iniciando carregamento de arquivo", "event": "load_start", "operation": "load", "path": "C:\\Users\\johan\\AppData\\Local\\Temp\\tmpr4ruytch.csv"}
{"ts": "2026-02-15T23:22:54.652860+00:00", "level": "INFO", "logger": "qrgenerator", "msg": "Carregamento concluído", "event": "load_done", "operation": "load", "path": "C:\\Users\\johan\\AppData\\Local\\Temp\\tmpr4ruytch.csv"}
{"ts": "2026-02-15T23:22:54.754259+00:00", "level": "INFO", "logger": "qrgenerator", "msg": "Geração de imagens concluída", "event": "generate_done", "operation": "images", "path": "C:\\Users\\johan\\AppData\\Local\\Temp\\tmps3t8vh96", "total": 3}
{"ts": "2026-02-15T23:22:54.814273+00:00", "level": "INFO", "logger": "qrgenerator", "msg": "Geração de imagens concluída", "event": "generate_done", "operation": "images", "path": "C:\\Users\\johan\\AppData\\Local\\Temp\\tmpbhqqhgwe", "total": 1}
{"ts": "2026-02-15T23:22:54.855286+00:00", "level": "INFO", "logger": "qrgenerator", "msg": "PDF gerado com sucesso", "event": "generate_done", "operation": "pdf", "path": "/tmp/nao_existe.pdf", "total": 1}
{"ts": "2026-02-15T23:22:54.891289+00:00", "level": "INFO", "logger": "qrgenerator", "msg": "PDF gerado com sucesso", "event": "generate_done", "operation": "pdf", "path": "C:\\Users\\johan\\AppData\\Local\\Temp\\tmpfz21dr27\\saida.pdf", "total": 1}
{"ts": "2026-02-15T23:22:54.948302+00:00", "level": "INFO", "logger": "qrgenerator", "msg": "ZIP gerado com sucesso", "event": "generate_done", "operation": "zip", "path": "C:\\Users\\johan\\AppData\\Local\\Temp\\tmpmbnb1i1v\\qrcodes.zip"}
{"ts": "2026-02-15T23:22:55.003328+00:00", "level": "INFO", "logger": "qrgenerator", "msg": "Geração de imagens concluída", "event": "generate_done", "operation": "images", "path": "C:\\Users\\johan\\AppData\\Local\\Temp\\tmpg3y8iyz5", "total": 3}
{"ts": "2026-02-15T23:22:55.067926+00:00", "level": "INFO", "logger": "qrgenerator", "msg": "Iniciando carregamento de arquivo", "event": "load_start", "operation": "load", "path": "C:\\Users\\johan\\AppData\\Local\\Temp\\tmpw42rdnwx.csv"}
{"ts": "2026-02-15T23:22:55.078928+00:00", "level": "INFO", "logger": "qrgenerator", "msg": "Carregamento concluído", "event": "load_done", "operation": "load", "path": "C:\\Users\\johan\\AppData\\Local\\Temp\\tmpw42rdnwx.csv"}
{"ts": "2026-02-15T23:22:55.119775+00:00", "level": "INFO", "logger": "qrgenerator", "msg": "Iniciando carregamento de arquivo", "event": "load_start", "operation": "load", "path": "/caminho/que/nao/existe.xlsx"}
{"ts": "2026-02-15T23:22:55.157781+00:00", "level": "ERROR", "logger": "qrgenerator", "msg": "Falha no carregamento", "event": "load_error", "operation": "load", "path": "/caminho/que/nao/existe.xlsx", "erro": "Falha ao carregar Excel: [Errno 2] No such file or directory: '/caminho/que/nao/existe.xlsx'", "exc": "Traceback (most recent call last):\n  File \"D:\\PROGRAMAS\\qrgenerator\\services\\codigo_service.py\", line 33, in carregar_tabela\n    return pd.read_excel(caminho)\n           ^^^^^^^^^^^^^^^^^^^^^^\n  File \"C:\\Users\\johan\\AppData\\Local\\Programs\\Python\\Python312\\Lib\\site-packages\\pandas\\io\\excel\\_base.py\", line 495, in read_excel\n    io = ExcelFile(\n         ^^^^^^^^^^\n  File \"C:\\Users\\johan\\AppData\\Local\\Programs\\Python\\Python312\\Lib\\site-packages\\pandas\\io\\excel\\_base.py\", line 1550, in __init__\n    ext = inspect_excel_format(\n          ^^^^^^^^^^^^^^^^^^^^^\n  File \"C:\\Users\\johan\\AppData\\Local\\Programs\\Python\\Python312\\Lib\\site-packages\\pandas\\io\\excel\\_base.py\", line 1402, in inspect_excel_format\n    with get_handle(\n         ^^^^^^^^^^^\n  File \"C:\\Users\\johan\\AppData\\Local\\Programs\\Python\\Python312\\Lib\\site-packages\\pandas\\io\\common.py\", line 882, in get_handle\n    handle = open(handle, ioargs.mode)\n             ^^^^^^^^^^^^^^^^^^^^^^^^^\nFileNotFoundError: [Errno 2] No such file or directory: '/caminho/que/nao/existe.xlsx'\n\nThe above exception was the direct cause of the following exception:\n\nTraceback (most recent call last):\n  File \"D:\\PROGRAMAS\\qrgenerator\\qr_generator.py\", line 379, in _executar_carregamento\n    tabela = self._carregar_tabela(caminho)\n             ^^^^^^^^^^^^^^^^^^^^^^^^^^^^^^\n  File \"D:\\PROGRAMAS\\qrgenerator\\qr_generator.py\", line 391, in _carregar_tabela\n    return self.service.carregar_tabela(caminho)\n           ^^^^^^^^^^^^^^^^^^^^^^^^^^^^^^^^^^^^^\n  File \"D:\\PROGRAMAS\\qrgenerator\\services\\codigo_service.py\", line 39, in carregar_tabela\n    raise RuntimeError(CodigoService.formatar_excecao(exc, 'Falha ao carregar Excel')) from exc\nRuntimeError: Falha ao carregar Excel: [Errno 2] No such file or directory: '/caminho/que/nao/existe.xlsx'"}
{"ts": "2026-02-15T23:39:24.111473+00:00", "level": "INFO", "logger": "qrgenerator", "msg": "Iniciando carregamento de arquivo", "event": "load_start", "operation": "load", "path": "C:\\Users\\johan\\AppData\\Local\\Temp\\tmp0e4nc1h0.csv"}
{"ts": "2026-02-15T23:39:24.115473+00:00", "level": "INFO", "logger": "qrgenerator", "msg": "Carregamento concluído", "event": "load_done", "operation": "load", "path": "C:\\Users\\johan\\AppData\\Local\\Temp\\tmp0e4nc1h0.csv"}
{"ts": "2026-02-15T23:39:24.214495+00:00", "level": "INFO", "logger": "qrgenerator", "msg": "Geração de imagens concluída", "event": "generate_done", "operation": "images", "path": "C:\\Users\\johan\\AppData\\Local\\Temp\\tmpmhd8t6pq", "total": 3}
{"ts": "2026-02-15T23:39:24.265508+00:00", "level": "INFO", "logger": "qrgenerator", "msg": "Geração de imagens concluída", "event": "generate_done", "operation": "images", "path": "C:\\Users\\johan\\AppData\\Local\\Temp\\tmpjmhzh7wg", "total": 1}
{"ts": "2026-02-15T23:39:24.320518+00:00", "level": "INFO", "logger": "qrgenerator", "msg": "PDF gerado com sucesso", "event": "generate_done", "operation": "pdf", "path": "/tmp/nao_existe.pdf", "total": 1}
{"ts": "2026-02-15T23:39:24.367533+00:00", "level": "INFO", "logger": "qrgenerator", "msg": "PDF gerado com sucesso", "event": "generate_done", "operation": "pdf", "path": "C:\\Users\\johan\\AppData\\Local\\Temp\\tmpjuasj3ml\\saida.pdf", "total": 1}
{"ts": "2026-02-15T23:39:24.423542+00:00", "level": "INFO", "logger": "qrgenerator", "msg": "ZIP gerado com sucesso", "event": "generate_done", "operation": "zip", "path": "C:\\Users\\johan\\AppData\\Local\\Temp\\tmpoofq8yy1\\qrcodes.zip"}
{"ts": "2026-02-15T23:39:24.490557+00:00", "level": "INFO", "logger": "qrgenerator", "msg": "Geração de imagens concluída", "event": "generate_done", "operation": "images", "path": "C:\\Users\\johan\\AppData\\Local\\Temp\\tmp99zzseus", "total": 3}
{"ts": "2026-02-15T23:39:24.606583+00:00", "level": "INFO", "logger": "qrgenerator", "msg": "Iniciando carregamento de arquivo", "event": "load_start", "operation": "load", "path": "C:\\Users\\johan\\AppData\\Local\\Temp\\tmpdbhyi1uo.csv"}
{"ts": "2026-02-15T23:39:24.613584+00:00", "level": "INFO", "logger": "qrgenerator", "msg": "Carregamento concluído", "event": "load_done", "operation": "load", "path": "C:\\Users\\johan\\AppData\\Local\\Temp\\tmpdbhyi1uo.csv"}
{"ts": "2026-02-15T23:39:24.657594+00:00", "level": "INFO", "logger": "qrgenerator", "msg": "Iniciando carregamento de arquivo", "event": "load_start", "operation": "load", "path": "/caminho/que/nao/existe.xlsx"}
{"ts": "2026-02-15T23:39:24.667596+00:00", "level": "ERROR", "logger": "qrgenerator", "msg": "Falha no carregamento", "event": "load_error", "operation": "load", "path": "/caminho/que/nao/existe.xlsx", "erro": "Falha ao carregar Excel: [Errno 2] No such file or directory: '/caminho/que/nao/existe.xlsx'", "exc": "Traceback (most recent call last):\n  File \"D:\\PROGRAMAS\\qrgenerator\\services\\codigo_service.py\", line 33, in carregar_tabela\n    return pd.read_excel(caminho)\n           ^^^^^^^^^^^^^^^^^^^^^^\n  File \"C:\\Users\\johan\\AppData\\Local\\Programs\\Python\\Python312\\Lib\\site-packages\\pandas\\io\\excel\\_base.py\", line 495, in read_excel\n    io = ExcelFile(\n         ^^^^^^^^^^\n  File \"C:\\Users\\johan\\AppData\\Local\\Programs\\Python\\Python312\\Lib\\site-packages\\pandas\\io\\excel\\_base.py\", line 1550, in __init__\n    ext = inspect_excel_format(\n          ^^^^^^^^^^^^^^^^^^^^^\n  File \"C:\\Users\\johan\\AppData\\Local\\Programs\\Python\\Python312\\Lib\\site-packages\\pandas\\io\\excel\\_base.py\", line 1402, in inspect_excel_format\n    with get_handle(\n         ^^^^^^^^^^^\n  File \"C:\\Users\\johan\\AppData\\Local\\Programs\\Python\\Python312\\Lib\\site-packages\\pandas\\io\\common.py\", line 882, in get_handle\n    handle = open(handle, ioargs.mode)\n             ^^^^^^^^^^^^^^^^^^^^^^^^^\nFileNotFoundError: [Errno 2] No such file or directory: '/caminho/que/nao/existe.xlsx'\n\nThe above exception was the direct cause of the following exception:\n\nTraceback (most recent call last):\n  File \"D:\\PROGRAMAS\\qrgenerator\\qr_generator.py\", line 397, in _executar_carregamento\n    tabela = self._carregar_tabela(caminho)\n             ^^^^^^^^^^^^^^^^^^^^^^^^^^^^^^\n  File \"D:\\PROGRAMAS\\qrgenerator\\qr_generator.py\", line 409, in _carregar_tabela\n    return self.service.carregar_tabela(caminho)\n           ^^^^^^^^^^^^^^^^^^^^^^^^^^^^^^^^^^^^^\n  File \"D:\\PROGRAMAS\\qrgenerator\\services\\codigo_service.py\", line 39, in carregar_tabela\n    raise RuntimeError(CodigoService.formatar_excecao(exc, 'Falha ao carregar Excel')) from exc\nRuntimeError: Falha ao carregar Excel: [Errno 2] No such file or directory: '/caminho/que/nao/existe.xlsx'"}
{"ts": "2026-02-16T00:05:41.611681+00:00", "level": "INFO", "logger": "qrgenerator", "msg": "Iniciando carregamento de arquivo", "event": "load_start", "operation": "load", "path": "C:\\Users\\johan\\AppData\\Local\\Temp\\tmprnk8fbmn.csv"}
{"ts": "2026-02-16T00:05:41.614681+00:00", "level": "INFO", "logger": "qrgenerator", "msg": "Carregamento concluído", "event": "load_done", "operation": "load", "path": "C:\\Users\\johan\\AppData\\Local\\Temp\\tmprnk8fbmn.csv"}
{"ts": "2026-02-16T00:05:41.677696+00:00", "level": "INFO", "logger": "qrgenerator", "msg": "PDF gerado com sucesso", "event": "generate_done", "operation": "pdf", "path": "C:\\Users\\johan\\AppData\\Local\\Temp\\tmp4wimhmw3.pdf", "total": 2}
{"ts": "2026-02-16T00:05:41.731706+00:00", "level": "INFO", "logger": "qrgenerator", "msg": "Geração de imagens concluída", "event": "generate_done", "operation": "images", "path": "C:\\Users\\johan\\AppData\\Local\\Temp\\tmpn5katlz2", "total": 3}
{"ts": "2026-02-16T00:05:41.799723+00:00", "level": "INFO", "logger": "qrgenerator", "msg": "Geração de imagens concluída", "event": "generate_done", "operation": "images", "path": "C:\\Users\\johan\\AppData\\Local\\Temp\\tmp6f_oo3of", "total": 1}
{"ts": "2026-02-16T00:05:41.856736+00:00", "level": "INFO", "logger": "qrgenerator", "msg": "PDF gerado com sucesso", "event": "generate_done", "operation": "pdf", "path": "/tmp/nao_existe.pdf", "total": 1}
{"ts": "2026-02-16T00:05:41.905746+00:00", "level": "INFO", "logger": "qrgenerator", "msg": "PDF gerado com sucesso", "event": "generate_done", "operation": "pdf", "path": "C:\\Users\\johan\\AppData\\Local\\Temp\\tmp7s0mgfcx\\saida.pdf", "total": 1}
{"ts": "2026-02-16T00:05:41.958759+00:00", "level": "INFO", "logger": "qrgenerator", "msg": "ZIP gerado com sucesso", "event": "generate_done", "operation": "zip", "path": "C:\\Users\\johan\\AppData\\Local\\Temp\\tmp0tv7vx6r\\qrcodes.zip"}
{"ts": "2026-02-16T00:05:42.027777+00:00", "level": "INFO", "logger": "qrgenerator", "msg": "Geração de imagens concluída", "event": "generate_done", "operation": "images", "path": "C:\\Users\\johan\\AppData\\Local\\Temp\\tmppuqct6ha", "total": 3}
{"ts": "2026-02-16T00:05:42.153803+00:00", "level": "INFO", "logger": "qrgenerator", "msg": "Iniciando carregamento de arquivo", "event": "load_start", "operation": "load", "path": "C:\\Users\\johan\\AppData\\Local\\Temp\\tmpg862m84t.csv"}
{"ts": "2026-02-16T00:05:42.155822+00:00", "level": "INFO", "logger": "qrgenerator", "msg": "Carregamento concluído", "event": "load_done", "operation": "load", "path": "C:\\Users\\johan\\AppData\\Local\\Temp\\tmpg862m84t.csv"}
{"ts": "2026-02-16T00:05:42.213817+00:00", "level": "INFO", "logger": "qrgenerator", "msg": "Iniciando carregamento de arquivo", "event": "load_start", "operation": "load", "path": "/caminho/que/nao/existe.xlsx"}
{"ts": "2026-02-16T00:05:42.217817+00:00", "level": "ERROR", "logger": "qrgenerator", "msg": "Falha no carregamento", "event": "load_error", "operation": "load", "path": "/caminho/que/nao/existe.xlsx", "erro": "Falha ao carregar Excel: [Errno 2] No such file or directory: '/caminho/que/nao/existe.xlsx'", "exc": "Traceback (most recent call last):\n  File \"D:\\PROGRAMAS\\qrgenerator\\services\\codigo_service.py\", line 33, in carregar_tabela\n    return pd.read_excel(caminho)\n           ^^^^^^^^^^^^^^^^^^^^^^\n  File \"C:\\Users\\johan\\AppData\\Local\\Programs\\Python\\Python312\\Lib\\site-packages\\pandas\\io\\excel\\_base.py\", line 495, in read_excel\n    io = ExcelFile(\n         ^^^^^^^^^^\n  File \"C:\\Users\\johan\\AppData\\Local\\Programs\\Python\\Python312\\Lib\\site-packages\\pandas\\io\\excel\\_base.py\", line 1550, in __init__\n    ext = inspect_excel_format(\n          ^^^^^^^^^^^^^^^^^^^^^\n  File \"C:\\Users\\johan\\AppData\\Local\\Programs\\Python\\Python312\\Lib\\site-packages\\pandas\\io\\excel\\_base.py\", line 1402, in inspect_excel_format\n    with get_handle(\n         ^^^^^^^^^^^\n  File \"C:\\Users\\johan\\AppData\\Local\\Programs\\Python\\Python312\\Lib\\site-packages\\pandas\\io\\common.py\", line 882, in get_handle\n    handle = open(handle, ioargs.mode)\n             ^^^^^^^^^^^^^^^^^^^^^^^^^\nFileNotFoundError: [Errno 2] No such file or directory: '/caminho/que/nao/existe.xlsx'\n\nThe above exception was the direct cause of the following exception:\n\nTraceback (most recent call last):\n  File \"D:\\PROGRAMAS\\qrgenerator\\qr_generator.py\", line 412, in _executar_carregamento\n    tabela = self._carregar_tabela(caminho)\n             ^^^^^^^^^^^^^^^^^^^^^^^^^^^^^^\n  File \"D:\\PROGRAMAS\\qrgenerator\\qr_generator.py\", line 424, in _carregar_tabela\n    return self.service.carregar_tabela(caminho)\n           ^^^^^^^^^^^^^^^^^^^^^^^^^^^^^^^^^^^^^\n  File \"D:\\PROGRAMAS\\qrgenerator\\services\\codigo_service.py\", line 39, in carregar_tabela\n    raise RuntimeError(CodigoService.formatar_excecao(exc, 'Falha ao carregar Excel')) from exc\nRuntimeError: Falha ao carregar Excel: [Errno 2] No such file or directory: '/caminho/que/nao/existe.xlsx'"}
{"ts": "2026-02-18T12:49:38.993876+00:00", "level": "INFO", "logger": "qrgenerator", "msg": "Iniciando carregamento de arquivo", "event": "load_start", "operation": "load", "path": "C:/Users/PC/Desktop/Contagem bomba GP.xlsx"}
{"ts": "2026-02-18T12:49:44.879629+00:00", "level": "INFO", "logger": "qrgenerator", "msg": "Carregamento concluído", "event": "load_done", "operation": "load", "path": "C:/Users/PC/Desktop/Contagem bomba GP.xlsx"}
{"ts": "2026-02-18T12:55:54.924572+00:00", "level": "INFO", "logger": "qrgenerator", "msg": "Iniciando geração", "event": "generate_start", "operation": "pdf", "path": "C:/Users/PC/Desktop/teste1.pdf", "total": 320}
{"ts": "2026-02-18T12:56:06.317911+00:00", "level": "INFO", "logger": "qrgenerator", "msg": "PDF gerado com sucesso", "event": "generate_done", "operation": "pdf", "path": "C:/Users/PC/Desktop/teste1.pdf", "total": 320}
{"ts": "2026-02-18T12:57:10.993998+00:00", "level": "INFO", "logger": "qrgenerator", "msg": "Iniciando carregamento de arquivo", "event": "load_start", "operation": "load", "path": "C:/Users/PC/Desktop/Contagem bomba GP.xlsx"}
{"ts": "2026-02-18T12:57:12.517873+00:00", "level": "INFO", "logger": "qrgenerator", "msg": "Carregamento concluído", "event": "load_done", "operation": "load", "path": "C:/Users/PC/Desktop/Contagem bomba GP.xlsx"}
{"ts": "2026-02-18T12:58:16.923828+00:00", "level": "INFO", "logger": "qrgenerator", "msg": "Iniciando geração", "event": "generate_start", "operation": "pdf", "path": "C:/Users/PC/Desktop/teste1.pdf", "total": 320}
{"ts": "2026-02-18T12:58:21.489044+00:00", "level": "INFO", "logger": "qrgenerator", "msg": "PDF gerado com sucesso", "event": "generate_done", "operation": "pdf", "path": "C:/Users/PC/Desktop/teste1.pdf", "total": 320}
{"ts": "2026-02-18T14:05:24.623228+00:00", "level": "INFO", "logger": "qrgenerator", "msg": "Iniciando carregamento de arquivo", "event": "load_start", "operation": "load", "path": "C:/Users/PC/Desktop/Contagem bomba GP.xlsx"}
{"ts": "2026-02-18T14:05:26.757622+00:00", "level": "INFO", "logger": "qrgenerator", "msg": "Carregamento concluído", "event": "load_done", "operation": "load", "path": "C:/Users/PC/Desktop/Contagem bomba GP.xlsx"}
{"ts": "2026-02-18T14:06:25.267815+00:00", "level": "INFO", "logger": "qrgenerator", "msg": "Iniciando geração", "event": "generate_start", "operation": "pdf", "path": "C:/Users/PC/Desktop/teste1.pdf", "total": 320}
{"ts": "2026-02-18T14:06:31.919033+00:00", "level": "INFO", "logger": "qrgenerator", "msg": "PDF gerado com sucesso", "event": "generate_done", "operation": "pdf", "path": "C:/Users/PC/Desktop/teste1.pdf", "total": 320}
{"ts": "2026-02-18T14:07:37.714687+00:00", "level": "INFO", "logger": "qrgenerator", "msg": "Iniciando geração", "event": "generate_start", "operation": "png", "path": "C:/Users/PC/Desktop/teste", "total": 320}
{"ts": "2026-02-18T14:07:42.506360+00:00", "level": "INFO", "logger": "qrgenerator", "msg": "Geração de imagens concluída", "event": "generate_done", "operation": "images", "path": "C:/Users/PC/Desktop/teste", "total": 320}
{"ts": "2026-02-18T14:52:53.397044+00:00", "level": "INFO", "logger": "qrgenerator", "msg": "Iniciando carregamento de arquivo", "event": "load_start", "operation": "load", "path": "C:\\Users\\PC\\AppData\\Local\\Temp\\tmp6wpys3qi.csv"}
{"ts": "2026-02-18T14:52:53.401585+00:00", "level": "INFO", "logger": "qrgenerator", "msg": "Carregamento concluído", "event": "load_done", "operation": "load", "path": "C:\\Users\\PC\\AppData\\Local\\Temp\\tmp6wpys3qi.csv"}
{"ts": "2026-02-18T14:52:53.690610+00:00", "level": "INFO", "logger": "qrgenerator", "msg": "Geração de imagens concluída", "event": "generate_done", "operation": "images", "path": "C:\\Users\\PC\\AppData\\Local\\Temp\\tmpz5qkw9nc", "total": 3}
{"ts": "2026-02-18T14:52:53.789237+00:00", "level": "INFO", "logger": "qrgenerator", "msg": "Geração de imagens concluída", "event": "generate_done", "operation": "images", "path": "C:\\Users\\PC\\AppData\\Local\\Temp\\tmpu7jgyx7o", "total": 1}
{"ts": "2026-02-18T14:52:53.900822+00:00", "level": "INFO", "logger": "qrgenerator", "msg": "PDF gerado com sucesso", "event": "generate_done", "operation": "pdf", "path": "/tmp/nao_existe.pdf", "total": 1}
{"ts": "2026-02-18T14:52:54.009408+00:00", "level": "INFO", "logger": "qrgenerator", "msg": "PDF gerado com sucesso", "event": "generate_done", "operation": "pdf", "path": "C:\\Users\\PC\\AppData\\Local\\Temp\\tmphhhda_sy\\saida.pdf", "total": 1}
{"ts": "2026-02-18T14:52:54.102177+00:00", "level": "INFO", "logger": "qrgenerator", "msg": "ZIP gerado com sucesso", "event": "generate_done", "operation": "zip", "path": "C:\\Users\\PC\\AppData\\Local\\Temp\\tmpkeq84ltt\\qrcodes.zip"}
{"ts": "2026-02-18T14:52:54.194435+00:00", "level": "INFO", "logger": "qrgenerator", "msg": "Geração de imagens concluída", "event": "generate_done", "operation": "images", "path": "C:\\Users\\PC\\AppData\\Local\\Temp\\tmpa5lcj4jz", "total": 3}
{"ts": "2026-02-18T14:52:54.396335+00:00", "level": "INFO", "logger": "qrgenerator", "msg": "Iniciando carregamento de arquivo", "event": "load_start", "operation": "load", "path": "C:\\Users\\PC\\AppData\\Local\\Temp\\tmpiw21ga1y.csv"}
{"ts": "2026-02-18T14:52:54.398364+00:00", "level": "INFO", "logger": "qrgenerator", "msg": "Carregamento concluído", "event": "load_done", "operation": "load", "path": "C:\\Users\\PC\\AppData\\Local\\Temp\\tmpiw21ga1y.csv"}
{"ts": "2026-02-18T14:52:54.501352+00:00", "level": "INFO", "logger": "qrgenerator", "msg": "Iniciando carregamento de arquivo", "event": "load_start", "operation": "load", "path": "/caminho/que/nao/existe.xlsx"}
{"ts": "2026-02-18T14:52:54.548427+00:00", "level": "ERROR", "logger": "qrgenerator", "msg": "Falha no carregamento", "event": "load_error", "operation": "load", "path": "/caminho/que/nao/existe.xlsx", "erro": "Falha ao carregar Excel: [Errno 2] No such file or directory: '/caminho/que/nao/existe.xlsx'", "exc": "Traceback (most recent call last):\n  File \"C:\\Users\\PC\\Documents\\GitHub\\qrgenerator\\services\\codigo_service.py\", line 33, in carregar_tabela\n    return pd.read_excel(caminho)\n           ~~~~~~~~~~~~~^^^^^^^^^\n  File \"C:\\Users\\PC\\AppData\\Local\\Programs\\Python\\Python314\\Lib\\site-packages\\pandas\\io\\excel\\_base.py\", line 481, in read_excel\n    io = ExcelFile(\n        io,\n    ...<2 lines>...\n        engine_kwargs=engine_kwargs,\n    )\n  File \"C:\\Users\\PC\\AppData\\Local\\Programs\\Python\\Python314\\Lib\\site-packages\\pandas\\io\\excel\\_base.py\", line 1604, in __init__\n    ext = inspect_excel_format(\n        content_or_path=path_or_buffer, storage_options=storage_options\n    )\n  File \"C:\\Users\\PC\\AppData\\Local\\Programs\\Python\\Python314\\Lib\\site-packages\\pandas\\io\\excel\\_base.py\", line 1452, in inspect_excel_format\n    with get_handle(\n         ~~~~~~~~~~^\n        content_or_path, \"rb\", storage_options=storage_options, is_text=False\n        ^^^^^^^^^^^^^^^^^^^^^^^^^^^^^^^^^^^^^^^^^^^^^^^^^^^^^^^^^^^^^^^^^^^^^\n    ) as handle:\n    ^\n  File \"C:\\Users\\PC\\AppData\\Local\\Programs\\Python\\Python314\\Lib\\site-packages\\pandas\\io\\common.py\", line 935, in get_handle\n    handle = open(handle, ioargs.mode)\nFileNotFoundError: [Errno 2] No such file or directory: '/caminho/que/nao/existe.xlsx'\n\nThe above exception was the direct cause of the following exception:\n\nTraceback (most recent call last):\n  File \"C:\\Users\\PC\\Documents\\GitHub\\qrgenerator\\qr_generator.py\", line 615, in _executar_carregamento\n    tabela = self._carregar_tabela(caminho)\n  File \"C:\\Users\\PC\\Documents\\GitHub\\qrgenerator\\qr_generator.py\", line 627, in _carregar_tabela\n    return self.carregar_arquivo_uc.execute(caminho)\n           ~~~~~~~~~~~~~~~~~~~~~~~~~~~~~~~~^^^^^^^^^\n  File \"C:\\Users\\PC\\Documents\\GitHub\\qrgenerator\\application\\use_cases.py\", line 14, in execute\n    return self.service.carregar_tabela(caminho)\n           ~~~~~~~~~~~~~~~~~~~~~~~~~~~~^^^^^^^^^\n  File \"C:\\Users\\PC\\Documents\\GitHub\\qrgenerator\\services\\codigo_service.py\", line 39, in carregar_tabela\n    raise RuntimeError(CodigoService.formatar_excecao(exc, 'Falha ao carregar Excel')) from exc\nRuntimeError: Falha ao carregar Excel: [Errno 2] No such file or directory: '/caminho/que/nao/existe.xlsx'"}
{"ts": "2026-02-18T14:58:13.502667+00:00", "level": "INFO", "logger": "qrgenerator", "msg": "Iniciando carregamento de arquivo", "event": "load_start", "operation": "load", "path": "C:/Users/PC/Desktop/Contagem bomba GP.xlsx"}
{"ts": "2026-02-18T14:58:15.783893+00:00", "level": "INFO", "logger": "qrgenerator", "msg": "Carregamento concluído", "event": "load_done", "operation": "load", "path": "C:/Users/PC/Desktop/Contagem bomba GP.xlsx"}
{"ts": "2026-02-18T16:26:50.693812+00:00", "level": "INFO", "logger": "qrgenerator", "msg": "Iniciando carregamento de arquivo", "event": "load_start", "operation": "load", "path": "C:\\Users\\PC\\AppData\\Local\\Temp\\tmpupxhv3w3.csv"}
{"ts": "2026-02-18T16:26:51.325841+00:00", "level": "INFO", "logger": "qrgenerator", "msg": "Carregamento concluído", "event": "load_done", "operation": "load", "path": "C:\\Users\\PC\\AppData\\Local\\Temp\\tmpupxhv3w3.csv"}
{"ts": "2026-02-18T16:26:51.359076+00:00", "level": "INFO", "logger": "qrgenerator", "msg": "Iniciando geração", "event": "generate_start", "operation": "pdf", "path": "C:\\Users\\PC\\AppData\\Local\\Temp\\tmp1hk8poag.pdf", "total": 2}
{"ts": "2026-02-18T16:26:51.503397+00:00", "level": "INFO", "logger": "qrgenerator", "msg": "PDF gerado com sucesso", "event": "generate_done", "operation": "pdf", "path": "C:\\Users\\PC\\AppData\\Local\\Temp\\tmp1hk8poag.pdf", "total": 2}
{"ts": "2026-02-18T16:26:51.708102+00:00", "level": "INFO", "logger": "qrgenerator", "msg": "Iniciando carregamento de arquivo", "event": "load_start", "operation": "load", "path": "C:\\Users\\PC\\AppData\\Local\\Temp\\tmp1db7oqzz.csv"}
{"ts": "2026-02-18T16:26:51.709689+00:00", "level": "INFO", "logger": "qrgenerator", "msg": "Carregamento concluído", "event": "load_done", "operation": "load", "path": "C:\\Users\\PC\\AppData\\Local\\Temp\\tmp1db7oqzz.csv"}
{"ts": "2026-02-18T16:26:51.826983+00:00", "level": "INFO", "logger": "qrgenerator", "msg": "Iniciando carregamento de arquivo", "event": "load_start", "operation": "load", "path": "/caminho/que/nao/existe.xlsx"}
{"ts": "2026-02-18T16:26:51.862037+00:00", "level": "ERROR", "logger": "qrgenerator", "msg": "Falha no carregamento", "event": "load_error", "operation": "load", "path": "/caminho/que/nao/existe.xlsx", "erro": "Falha ao carregar Excel: [Errno 2] No such file or directory: '/caminho/que/nao/existe.xlsx'", "exc": "Traceback (most recent call last):\n  File \"C:\\Users\\PC\\Documents\\GitHub\\qrgenerator\\services\\codigo_service.py\", line 33, in carregar_tabela\n    return pd.read_excel(caminho)\n           ~~~~~~~~~~~~~^^^^^^^^^\n  File \"C:\\Users\\PC\\AppData\\Local\\Programs\\Python\\Python314\\Lib\\site-packages\\pandas\\io\\excel\\_base.py\", line 481, in read_excel\n    io = ExcelFile(\n        io,\n    ...<2 lines>...\n        engine_kwargs=engine_kwargs,\n    )\n  File \"C:\\Users\\PC\\AppData\\Local\\Programs\\Python\\Python314\\Lib\\site-packages\\pandas\\io\\excel\\_base.py\", line 1604, in __init__\n    ext = inspect_excel_format(\n        content_or_path=path_or_buffer, storage_options=storage_options\n    )\n  File \"C:\\Users\\PC\\AppData\\Local\\Programs\\Python\\Python314\\Lib\\site-packages\\pandas\\io\\excel\\_base.py\", line 1452, in inspect_excel_format\n    with get_handle(\n         ~~~~~~~~~~^\n        content_or_path, \"rb\", storage_options=storage_options, is_text=False\n        ^^^^^^^^^^^^^^^^^^^^^^^^^^^^^^^^^^^^^^^^^^^^^^^^^^^^^^^^^^^^^^^^^^^^^\n    ) as handle:\n    ^\n  File \"C:\\Users\\PC\\AppData\\Local\\Programs\\Python\\Python314\\Lib\\site-packages\\pandas\\io\\common.py\", line 935, in get_handle\n    handle = open(handle, ioargs.mode)\nFileNotFoundError: [Errno 2] No such file or directory: '/caminho/que/nao/existe.xlsx'\n\nThe above exception was the direct cause of the following exception:\n\nTraceback (most recent call last):\n  File \"C:\\Users\\PC\\Documents\\GitHub\\qrgenerator\\qr_generator.py\", line 615, in _executar_carregamento\n    tabela = self._carregar_tabela(caminho)\n  File \"C:\\Users\\PC\\Documents\\GitHub\\qrgenerator\\qr_generator.py\", line 627, in _carregar_tabela\n    return self.carregar_arquivo_uc.execute(caminho)\n           ~~~~~~~~~~~~~~~~~~~~~~~~~~~~~~~~^^^^^^^^^\n  File \"C:\\Users\\PC\\Documents\\GitHub\\qrgenerator\\application\\use_cases.py\", line 14, in execute\n    return self.service.carregar_tabela(caminho)\n           ~~~~~~~~~~~~~~~~~~~~~~~~~~~~^^^^^^^^^\n  File \"C:\\Users\\PC\\Documents\\GitHub\\qrgenerator\\services\\codigo_service.py\", line 39, in carregar_tabela\n    raise RuntimeError(CodigoService.formatar_excecao(exc, 'Falha ao carregar Excel')) from exc\nRuntimeError: Falha ao carregar Excel: [Errno 2] No such file or directory: '/caminho/que/nao/existe.xlsx'"}
{"ts": "2026-02-18T18:28:51.033485+00:00", "level": "INFO", "logger": "qrgenerator", "msg": "Iniciando carregamento de arquivo", "event": "load_start", "operation": "load", "path": "C:/Users/PC/Desktop/Contagem bomba GP.xlsx"}
{"ts": "2026-02-18T18:28:56.793667+00:00", "level": "INFO", "logger": "qrgenerator", "msg": "Carregamento concluído", "event": "load_done", "operation": "load", "path": "C:/Users/PC/Desktop/Contagem bomba GP.xlsx"}
