{"ts": "2026-02-13T14:54:19.377420+00:00", "level": "INFO", "logger": "qrgenerator", "msg": "Iniciando carregamento de arquivo", "event": "load_start", "operation": "load", "path": "C:/Users/PC/Desktop/Contagem bomba GP.xlsx"}
{"ts": "2026-02-13T14:54:25.114894+00:00", "level": "INFO", "logger": "qrgenerator", "msg": "Carregamento concluído", "event": "load_done", "operation": "load", "path": "C:/Users/PC/Desktop/Contagem bomba GP.xlsx"}
{"ts": "2026-02-13T16:15:51.328438+00:00", "level": "INFO", "logger": "qrgenerator", "msg": "Iniciando carregamento de arquivo", "event": "load_start", "operation": "load", "path": "C:/Users/PC/Desktop/Contagem bomba GP.xlsx"}
{"ts": "2026-02-13T16:15:57.111715+00:00", "level": "INFO", "logger": "qrgenerator", "msg": "Carregamento concluído", "event": "load_done", "operation": "load", "path": "C:/Users/PC/Desktop/Contagem bomba GP.xlsx"}
{"ts": "2026-02-13T17:21:12.237195+00:00", "level": "INFO", "logger": "qrgenerator", "msg": "Iniciando carregamento de arquivo", "event": "load_start", "operation": "load", "path": "C:\\Users\\PC\\AppData\\Local\\Temp\\tmpvuz2q98_.csv"}
{"ts": "2026-02-13T17:21:12.361427+00:00", "level": "ERROR", "logger": "qrgenerator", "msg": "Falha no carregamento", "event": "load_error", "operation": "load", "path": "C:\\Users\\PC\\AppData\\Local\\Temp\\tmpvuz2q98_.csv", "erro": "Falha ao carregar CSV: [Errno 2] No such file or directory: 'C:\\\\Users\\\\PC\\\\AppData\\\\Local\\\\Temp\\\\tmpvuz2q98_.csv'", "exc": "Traceback (most recent call last):\n  File \"C:\\Users\\PC\\Documents\\GitHub\\qrgenerator\\services\\codigo_service.py\", line 21, in carregar_tabela\n    return pd.read_csv(caminho)\n           ~~~~~~~~~~~^^^^^^^^^\n  File \"C:\\Users\\PC\\AppData\\Local\\Programs\\Python\\Python314\\Lib\\site-packages\\pandas\\io\\parsers\\readers.py\", line 873, in read_csv\n    return _read(filepath_or_buffer, kwds)\n  File \"C:\\Users\\PC\\AppData\\Local\\Programs\\Python\\Python314\\Lib\\site-packages\\pandas\\io\\parsers\\readers.py\", line 300, in _read\n    parser = TextFileReader(filepath_or_buffer, **kwds)\n  File \"C:\\Users\\PC\\AppData\\Local\\Programs\\Python\\Python314\\Lib\\site-packages\\pandas\\io\\parsers\\readers.py\", line 1645, in __init__\n    self._engine = self._make_engine(f, self.engine)\n                   ~~~~~~~~~~~~~~~~~^^^^^^^^^^^^^^^^\n  File \"C:\\Users\\PC\\AppData\\Local\\Programs\\Python\\Python314\\Lib\\site-packages\\pandas\\io\\parsers\\readers.py\", line 1904, in _make_engine\n    self.handles = get_handle(\n                   ~~~~~~~~~~^\n        f,\n        ^^\n    ...<6 lines>...\n        storage_options=self.options.get(\"storage_options\", None),\n        ^^^^^^^^^^^^^^^^^^^^^^^^^^^^^^^^^^^^^^^^^^^^^^^^^^^^^^^^^^\n    )\n    ^\n  File \"C:\\Users\\PC\\AppData\\Local\\Programs\\Python\\Python314\\Lib\\site-packages\\pandas\\io\\common.py\", line 926, in get_handle\n    handle = open(\n        handle,\n    ...<3 lines>...\n        newline=\"\",\n    )\nFileNotFoundError: [Errno 2] No such file or directory: 'C:\\\\Users\\\\PC\\\\AppData\\\\Local\\\\Temp\\\\tmpvuz2q98_.csv'\n\nThe above exception was the direct cause of the following exception:\n\nTraceback (most recent call last):\n  File \"C:\\Users\\PC\\Documents\\GitHub\\qrgenerator\\qr_generator.py\", line 195, in _executar_carregamento\n    tabela = self._carregar_tabela(caminho)\n  File \"C:\\Users\\PC\\Documents\\GitHub\\qrgenerator\\qr_generator.py\", line 207, in _carregar_tabela\n    return self.service.carregar_tabela(caminho)\n           ~~~~~~~~~~~~~~~~~~~~~~~~~~~~^^^^^^^^^\n  File \"C:\\Users\\PC\\Documents\\GitHub\\qrgenerator\\services\\codigo_service.py\", line 26, in carregar_tabela\n    raise RuntimeError(CodigoService.formatar_excecao(exc, 'Falha ao carregar CSV')) from exc\nRuntimeError: Falha ao carregar CSV: [Errno 2] No such file or directory: 'C:\\\\Users\\\\PC\\\\AppData\\\\Local\\\\Temp\\\\tmpvuz2q98_.csv'"}
{"ts": "2026-02-13T17:21:12.650269+00:00", "level": "INFO", "logger": "qrgenerator", "msg": "Geração de imagens concluída", "event": "generate_done", "operation": "images", "path": "C:\\Users\\PC\\AppData\\Local\\Temp\\tmpdmt7txaz", "total": 3}
{"ts": "2026-02-13T17:21:12.710772+00:00", "level": "INFO", "logger": "qrgenerator", "msg": "Geração de imagens concluída", "event": "generate_done", "operation": "images", "path": "C:\\Users\\PC\\AppData\\Local\\Temp\\tmp8bjqm66p", "total": 1}
{"ts": "2026-02-13T17:21:12.755321+00:00", "level": "INFO", "logger": "qrgenerator", "msg": "PDF gerado com sucesso", "event": "generate_done", "operation": "pdf", "path": "/tmp/nao_existe.pdf", "total": 1}
{"ts": "2026-02-13T17:21:12.811375+00:00", "level": "INFO", "logger": "qrgenerator", "msg": "PDF gerado com sucesso", "event": "generate_done", "operation": "pdf", "path": "C:\\Users\\PC\\AppData\\Local\\Temp\\tmp7j_5g_xb\\saida.pdf", "total": 1}
{"ts": "2026-02-13T17:21:12.888259+00:00", "level": "INFO", "logger": "qrgenerator", "msg": "ZIP gerado com sucesso", "event": "generate_done", "operation": "zip", "path": "C:\\Users\\PC\\AppData\\Local\\Temp\\tmp09w5hdoe\\qrcodes.zip"}
{"ts": "2026-02-13T17:21:12.960309+00:00", "level": "INFO", "logger": "qrgenerator", "msg": "Geração de imagens concluída", "event": "generate_done", "operation": "images", "path": "C:\\Users\\PC\\AppData\\Local\\Temp\\tmpqpuk37w8", "total": 3}
{"ts": "2026-02-13T17:21:13.085275+00:00", "level": "INFO", "logger": "qrgenerator", "msg": "Iniciando carregamento de arquivo", "event": "load_start", "operation": "load", "path": "C:\\Users\\PC\\AppData\\Local\\Temp\\tmp06nkrhqx.csv"}
{"ts": "2026-02-13T17:21:13.095127+00:00", "level": "INFO", "logger": "qrgenerator", "msg": "Carregamento concluído", "event": "load_done", "operation": "load", "path": "C:\\Users\\PC\\AppData\\Local\\Temp\\tmp06nkrhqx.csv"}
{"ts": "2026-02-13T17:21:13.194059+00:00", "level": "INFO", "logger": "qrgenerator", "msg": "Iniciando carregamento de arquivo", "event": "load_start", "operation": "load", "path": "/caminho/que/nao/existe.xlsx"}
{"ts": "2026-02-13T17:21:13.235793+00:00", "level": "ERROR", "logger": "qrgenerator", "msg": "Falha no carregamento", "event": "load_error", "operation": "load", "path": "/caminho/que/nao/existe.xlsx", "erro": "Falha ao carregar Excel: [Errno 2] No such file or directory: '/caminho/que/nao/existe.xlsx'", "exc": "Traceback (most recent call last):\n  File \"C:\\Users\\PC\\Documents\\GitHub\\qrgenerator\\services\\codigo_service.py\", line 30, in carregar_tabela\n    return pd.read_excel(caminho)\n           ~~~~~~~~~~~~~^^^^^^^^^\n  File \"C:\\Users\\PC\\AppData\\Local\\Programs\\Python\\Python314\\Lib\\site-packages\\pandas\\io\\excel\\_base.py\", line 481, in read_excel\n    io = ExcelFile(\n        io,\n    ...<2 lines>...\n        engine_kwargs=engine_kwargs,\n    )\n  File \"C:\\Users\\PC\\AppData\\Local\\Programs\\Python\\Python314\\Lib\\site-packages\\pandas\\io\\excel\\_base.py\", line 1604, in __init__\n    ext = inspect_excel_format(\n        content_or_path=path_or_buffer, storage_options=storage_options\n    )\n  File \"C:\\Users\\PC\\AppData\\Local\\Programs\\Python\\Python314\\Lib\\site-packages\\pandas\\io\\excel\\_base.py\", line 1452, in inspect_excel_format\n    with get_handle(\n         ~~~~~~~~~~^\n        content_or_path, \"rb\", storage_options=storage_options, is_text=False\n        ^^^^^^^^^^^^^^^^^^^^^^^^^^^^^^^^^^^^^^^^^^^^^^^^^^^^^^^^^^^^^^^^^^^^^\n    ) as handle:\n    ^\n  File \"C:\\Users\\PC\\AppData\\Local\\Programs\\Python\\Python314\\Lib\\site-packages\\pandas\\io\\common.py\", line 935, in get_handle\n    handle = open(handle, ioargs.mode)\nFileNotFoundError: [Errno 2] No such file or directory: '/caminho/que/nao/existe.xlsx'\n\nThe above exception was the direct cause of the following exception:\n\nTraceback (most recent call last):\n  File \"C:\\Users\\PC\\Documents\\GitHub\\qrgenerator\\qr_generator.py\", line 195, in _executar_carregamento\n    tabela = self._carregar_tabela(caminho)\n  File \"C:\\Users\\PC\\Documents\\GitHub\\qrgenerator\\qr_generator.py\", line 207, in _carregar_tabela\n    return self.service.carregar_tabela(caminho)\n           ~~~~~~~~~~~~~~~~~~~~~~~~~~~~^^^^^^^^^\n  File \"C:\\Users\\PC\\Documents\\GitHub\\qrgenerator\\services\\codigo_service.py\", line 36, in carregar_tabela\n    raise RuntimeError(CodigoService.formatar_excecao(exc, 'Falha ao carregar Excel')) from exc\nRuntimeError: Falha ao carregar Excel: [Errno 2] No such file or directory: '/caminho/que/nao/existe.xlsx'"}
{"ts": "2026-02-13T18:49:32.708888+00:00", "level": "INFO", "logger": "qrgenerator", "msg": "Iniciando carregamento de arquivo", "event": "load_start", "operation": "load", "path": "C:/Users/PC/Desktop/Contagem bomba GP.xlsx"}
{"ts": "2026-02-13T18:49:38.584053+00:00", "level": "INFO", "logger": "qrgenerator", "msg": "Carregamento concluído", "event": "load_done", "operation": "load", "path": "C:/Users/PC/Desktop/Contagem bomba GP.xlsx"}
{"ts": "2026-02-13T18:50:29.596129+00:00", "level": "INFO", "logger": "qrgenerator", "msg": "Iniciando geração", "event": "generate_start", "operation": "pdf", "path": "C:/Users/PC/Desktop/teste1.pdf", "total": 320}
{"ts": "2026-02-13T18:50:33.575457+00:00", "level": "INFO", "logger": "qrgenerator", "msg": "PDF gerado com sucesso", "event": "generate_done", "operation": "pdf", "path": "C:/Users/PC/Desktop/teste1.pdf", "total": 320}
{"ts": "2026-02-13T20:17:54.612449+00:00", "level": "INFO", "logger": "qrgenerator", "msg": "Iniciando carregamento de arquivo", "event": "load_start", "operation": "load", "path": "C:/Users/PC/Desktop/lista motor 27-01.xlsx"}
{"ts": "2026-02-13T20:17:56.458666+00:00", "level": "INFO", "logger": "qrgenerator", "msg": "Carregamento concluído", "event": "load_done", "operation": "load", "path": "C:/Users/PC/Desktop/lista motor 27-01.xlsx"}
